app/build/intermediates/manifest_merge_blame_file/debug/manifest-merger-blame-debug-report.txt
1<?xml version="1.0" encoding="utf-8"?>
2<manifest xmlns:android="http://schemas.android.com/apk/res/android"
3    package="com.example.bribe"
4    android:versionCode="1"
5    android:versionName="1.0" >
6
7    <uses-sdk
8        android:minSdkVersion="15"
8-->src\main\AndroidManifest.xml
9        android:targetSdkVersion="29" />
9-->src\main\AndroidManifest.xml
10
11    <uses-permission android:name="android.permission.ACCESS_NETWORK_STATE" />
11-->[com.google.firebase:firebase-database:16.0.4] AndroidManifest.xml:22:5-79
11-->[com.google.firebase:firebase-database:16.0.4] AndroidManifest.xml:22:22-76
12    <uses-permission android:name="android.permission.INTERNET" />
12-->[com.google.firebase:firebase-database:16.0.4] AndroidManifest.xml:23:5-67
12-->[com.google.firebase:firebase-database:16.0.4] AndroidManifest.xml:23:22-64
13
14    <application
14-->src\main\AndroidManifest.xml:5:5-32:19
15        android:allowBackup="true"
15-->src\main\AndroidManifest.xml:6:9-35
16        android:appComponentFactory="androidx.core.app.CoreComponentFactory"
16-->[androidx.core:core:1.1.0] AndroidManifest.xml:24:18-86
17        android:debuggable="true"
18        android:icon="@mipmap/ic_launcher"
18-->src\main\AndroidManifest.xml:7:9-43
19        android:label="Vision"
19-->src\main\AndroidManifest.xml:8:9-31
20        android:roundIcon="@mipmap/ic_launcher_round"
20-->src\main\AndroidManifest.xml:9:9-54
21        android:supportsRtl="true"
21-->src\main\AndroidManifest.xml:10:9-35
22        android:testOnly="true"
23        android:theme="@style/AppTheme" >
23-->src\main\AndroidManifest.xml:11:9-40
24        <activity android:name="com.example.bribe.Terms" />
24-->src\main\AndroidManifest.xml:12:9-43
24-->src\main\AndroidManifest.xml:12:19-40
25        <activity
25-->src\main\AndroidManifest.xml:13:9-15:52
26            android:name="com.example.bribe.complaint"
26-->src\main\AndroidManifest.xml:14:13-38
27            android:label="Register A Complaint" />
27-->src\main\AndroidManifest.xml:15:13-49
28        <activity
28-->src\main\AndroidManifest.xml:16:9-18:40
29            android:name="com.example.bribe.about"
29-->src\main\AndroidManifest.xml:17:13-34
30            android:label="About Us" />
30-->src\main\AndroidManifest.xml:18:13-37
31        <activity
31-->src\main\AndroidManifest.xml:19:9-21:42
32            android:name="com.example.bribe.contact"
32-->src\main\AndroidManifest.xml:20:13-36
33            android:label="Contact Us" />
33-->src\main\AndroidManifest.xml:21:13-39
34        <activity
34-->src\main\AndroidManifest.xml:22:9-24:53
35            android:name="com.example.bribe.rules"
35-->src\main\AndroidManifest.xml:23:13-34
36            android:label="Rules and Regulations" />
36-->src\main\AndroidManifest.xml:24:13-50
37        <activity android:name="com.example.bribe.MainActivity" >
37-->src\main\AndroidManifest.xml:25:9-31:20
37-->src\main\AndroidManifest.xml:25:19-47
38            <intent-filter>
38-->src\main\AndroidManifest.xml:26:13-30:29
39                <action android:name="android.intent.action.MAIN" />
39-->src\main\AndroidManifest.xml:27:17-69
39-->src\main\AndroidManifest.xml:27:25-66
40
41                <category android:name="android.intent.category.LAUNCHER" />
41-->src\main\AndroidManifest.xml:29:17-77
41-->src\main\AndroidManifest.xml:29:27-74
42            </intent-filter>
43        </activity>
44        <activity
44-->[com.google.android.gms:play-services-base:16.0.1] AndroidManifest.xml:23:9-26:75
45            android:name="com.google.android.gms.common.api.GoogleApiActivity"
45-->[com.google.android.gms:play-services-base:16.0.1] AndroidManifest.xml:24:13-79
46            android:exported="false"
46-->[com.google.android.gms:play-services-base:16.0.1] AndroidManifest.xml:25:13-37
47            android:theme="@android:style/Theme.Translucent.NoTitleBar" />
47-->[com.google.android.gms:play-services-base:16.0.1] AndroidManifest.xml:26:13-72
48
49        <provider
49-->[com.google.firebase:firebase-common:16.0.3] AndroidManifest.xml:10:9-14:39
50            android:name="com.google.firebase.provider.FirebaseInitProvider"
50-->[com.google.firebase:firebase-common:16.0.3] AndroidManifest.xml:11:13-77
51            android:authorities="com.example.bribe.firebaseinitprovider"
51-->[com.google.firebase:firebase-common:16.0.3] AndroidManifest.xml:12:13-72
52            android:exported="false"
52-->[com.google.firebase:firebase-common:16.0.3] AndroidManifest.xml:13:13-37
53            android:initOrder="100" />
53-->[com.google.firebase:firebase-common:16.0.3] AndroidManifest.xml:14:13-36
54
55        <meta-data
55-->[com.google.android.gms:play-services-basement:16.0.1] AndroidManifest.xml:23:9-25:69
56            android:name="com.google.android.gms.version"
56-->[com.google.android.gms:play-services-basement:16.0.1] AndroidManifest.xml:24:13-58
57            android:value="@integer/google_play_services_version" />
57-->[com.google.android.gms:play-services-basement:16.0.1] AndroidManifest.xml:25:13-66
58    </application>
59
60</manifest>